2005.10.17 19:24 B C:\Inetpub\wwwroot\olde_crone\admin\tinymce\jscripts\tiny_mce\themes\advanced\langs\zh_cn.js --> soapcrone.com /public_html/admin/tinymce/jscripts/tiny_mce/themes/advanced/langs zh_cn.js
2005.10.17 19:24 B C:\Inetpub\wwwroot\olde_crone\admin\tinymce\jscripts\tiny_mce\themes\advanced\langs\tw.js --> soapcrone.com /public_html/admin/tinymce/jscripts/tiny_mce/themes/advanced/langs tw.js
2005.10.17 19:24 B C:\Inetpub\wwwroot\olde_crone\admin\tinymce\jscripts\tiny_mce\themes\advanced\langs\sv.js --> soapcrone.com /public_html/admin/tinymce/jscripts/tiny_mce/themes/advanced/langs sv.js
2005.10.17 19:24 B C:\Inetpub\wwwroot\olde_crone\admin\tinymce\jscripts\tiny_mce\themes\advanced\langs\readme.txt --> soapcrone.com /public_html/admin/tinymce/jscripts/tiny_mce/themes/advanced/langs readme.txt
2005.10.17 19:24 B C:\Inetpub\wwwroot\olde_crone\admin\tinymce\jscripts\tiny_mce\themes\advanced\langs\pt_br.js --> soapcrone.com /public_html/admin/tinymce/jscripts/tiny_mce/themes/advanced/langs pt_br.js
2005.10.17 19:24 B C:\Inetpub\wwwroot\olde_crone\admin\tinymce\jscripts\tiny_mce\themes\advanced\langs\pt.js --> soapcrone.com /public_html/admin/tinymce/jscripts/tiny_mce/themes/advanced/langs pt.js
2005.10.17 19:24 B C:\Inetpub\wwwroot\olde_crone\admin\tinymce\jscripts\tiny_mce\themes\advanced\langs\pl.js --> soapcrone.com /public_html/admin/tinymce/jscripts/tiny_mce/themes/advanced/langs pl.js
2005.10.17 19:24 B C:\Inetpub\wwwroot\olde_crone\admin\tinymce\jscripts\tiny_mce\themes\advanced\langs\no.js --> soapcrone.com /public_html/admin/tinymce/jscripts/tiny_mce/themes/advanced/langs no.js
2005.10.17 19:24 B C:\Inetpub\wwwroot\olde_crone\admin\tinymce\jscripts\tiny_mce\themes\advanced\langs\nl.js --> soapcrone.com /public_html/admin/tinymce/jscripts/tiny_mce/themes/advanced/langs nl.js
2005.10.17 19:24 B C:\Inetpub\wwwroot\olde_crone\admin\tinymce\jscripts\tiny_mce\themes\advanced\langs\ko.js --> soapcrone.com /public_html/admin/tinymce/jscripts/tiny_mce/themes/advanced/langs ko.js
2005.10.17 19:24 B C:\Inetpub\wwwroot\olde_crone\admin\tinymce\jscripts\tiny_mce\themes\advanced\langs\ja.js --> soapcrone.com /public_html/admin/tinymce/jscripts/tiny_mce/themes/advanced/langs ja.js
2005.10.17 19:24 B C:\Inetpub\wwwroot\olde_crone\admin\tinymce\jscripts\tiny_mce\themes\advanced\langs\it.js --> soapcrone.com /public_html/admin/tinymce/jscripts/tiny_mce/themes/advanced/langs it.js
2005.10.17 19:24 B C:\Inetpub\wwwroot\olde_crone\admin\tinymce\jscripts\tiny_mce\themes\advanced\langs\hu.js --> soapcrone.com /public_html/admin/tinymce/jscripts/tiny_mce/themes/advanced/langs hu.js
2005.10.17 19:24 B C:\Inetpub\wwwroot\olde_crone\admin\tinymce\jscripts\tiny_mce\themes\advanced\langs\fr_ca.js --> soapcrone.com /public_html/admin/tinymce/jscripts/tiny_mce/themes/advanced/langs fr_ca.js
2005.10.17 19:24 B C:\Inetpub\wwwroot\olde_crone\admin\tinymce\jscripts\tiny_mce\themes\advanced\langs\fr.js --> soapcrone.com /public_html/admin/tinymce/jscripts/tiny_mce/themes/advanced/langs fr.js
2005.10.17 19:24 B C:\Inetpub\wwwroot\olde_crone\admin\tinymce\jscripts\tiny_mce\themes\advanced\langs\fi.js --> soapcrone.com /public_html/admin/tinymce/jscripts/tiny_mce/themes/advanced/langs fi.js
2005.10.17 19:24 B C:\Inetpub\wwwroot\olde_crone\admin\tinymce\jscripts\tiny_mce\themes\advanced\langs\fa.js --> soapcrone.com /public_html/admin/tinymce/jscripts/tiny_mce/themes/advanced/langs fa.js
2005.10.17 19:24 B C:\Inetpub\wwwroot\olde_crone\admin\tinymce\jscripts\tiny_mce\themes\advanced\langs\es.js --> soapcrone.com /public_html/admin/tinymce/jscripts/tiny_mce/themes/advanced/langs es.js
2005.10.17 19:24 B C:\Inetpub\wwwroot\olde_crone\admin\tinymce\jscripts\tiny_mce\themes\advanced\langs\en.js --> soapcrone.com /public_html/admin/tinymce/jscripts/tiny_mce/themes/advanced/langs en.js
2005.10.17 19:24 B C:\Inetpub\wwwroot\olde_crone\admin\tinymce\jscripts\tiny_mce\themes\advanced\langs\el.js --> soapcrone.com /public_html/admin/tinymce/jscripts/tiny_mce/themes/advanced/langs el.js
2005.10.17 19:24 B C:\Inetpub\wwwroot\olde_crone\admin\tinymce\jscripts\tiny_mce\themes\advanced\langs\de.js --> soapcrone.com /public_html/admin/tinymce/jscripts/tiny_mce/themes/advanced/langs de.js
2005.10.17 19:24 B C:\Inetpub\wwwroot\olde_crone\admin\tinymce\jscripts\tiny_mce\themes\advanced\langs\da.js --> soapcrone.com /public_html/admin/tinymce/jscripts/tiny_mce/themes/advanced/langs da.js
2005.10.17 19:24 B C:\Inetpub\wwwroot\olde_crone\admin\tinymce\jscripts\tiny_mce\themes\advanced\langs\cs.js --> soapcrone.com /public_html/admin/tinymce/jscripts/tiny_mce/themes/advanced/langs cs.js
2005.10.17 19:24 B C:\Inetpub\wwwroot\olde_crone\admin\tinymce\jscripts\tiny_mce\themes\advanced\langs\ca.js --> soapcrone.com /public_html/admin/tinymce/jscripts/tiny_mce/themes/advanced/langs ca.js
2005.10.17 19:24 B C:\Inetpub\wwwroot\olde_crone\admin\tinymce\jscripts\tiny_mce\themes\advanced\langs\ar.js --> soapcrone.com /public_html/admin/tinymce/jscripts/tiny_mce/themes/advanced/langs ar.js
