2005.10.17 19:24 B C:\Inetpub\wwwroot\olde_crone\admin\tinymce\jscripts\tiny_mce\themes\advanced\images\visualaid.gif --> soapcrone.com /public_html/admin/tinymce/jscripts/tiny_mce/themes/advanced/images visualaid.gif
2005.10.17 19:24 B C:\Inetpub\wwwroot\olde_crone\admin\tinymce\jscripts\tiny_mce\themes\advanced\images\unlink.gif --> soapcrone.com /public_html/admin/tinymce/jscripts/tiny_mce/themes/advanced/images unlink.gif
2005.10.17 19:24 B C:\Inetpub\wwwroot\olde_crone\admin\tinymce\jscripts\tiny_mce\themes\advanced\images\undo.gif --> soapcrone.com /public_html/admin/tinymce/jscripts/tiny_mce/themes/advanced/images undo.gif
2005.10.17 19:24 B C:\Inetpub\wwwroot\olde_crone\admin\tinymce\jscripts\tiny_mce\themes\advanced\images\underline_ru.gif --> soapcrone.com /public_html/admin/tinymce/jscripts/tiny_mce/themes/advanced/images underline_ru.gif
2005.10.17 19:24 B C:\Inetpub\wwwroot\olde_crone\admin\tinymce\jscripts\tiny_mce\themes\advanced\images\underline_fr.gif --> soapcrone.com /public_html/admin/tinymce/jscripts/tiny_mce/themes/advanced/images underline_fr.gif
2005.10.17 19:24 B C:\Inetpub\wwwroot\olde_crone\admin\tinymce\jscripts\tiny_mce\themes\advanced\images\underline.gif --> soapcrone.com /public_html/admin/tinymce/jscripts/tiny_mce/themes/advanced/images underline.gif
2005.10.17 19:24 B C:\Inetpub\wwwroot\olde_crone\admin\tinymce\jscripts\tiny_mce\themes\advanced\images\table_insert_row_before.gif --> soapcrone.com /public_html/admin/tinymce/jscripts/tiny_mce/themes/advanced/images table_insert_row_before.gif
2005.10.17 19:24 B C:\Inetpub\wwwroot\olde_crone\admin\tinymce\jscripts\tiny_mce\themes\advanced\images\table_insert_row_after.gif --> soapcrone.com /public_html/admin/tinymce/jscripts/tiny_mce/themes/advanced/images table_insert_row_after.gif
2005.10.17 19:24 B C:\Inetpub\wwwroot\olde_crone\admin\tinymce\jscripts\tiny_mce\themes\advanced\images\table_insert_col_before.gif --> soapcrone.com /public_html/admin/tinymce/jscripts/tiny_mce/themes/advanced/images table_insert_col_before.gif
2005.10.17 19:24 B C:\Inetpub\wwwroot\olde_crone\admin\tinymce\jscripts\tiny_mce\themes\advanced\images\table_insert_col_after.gif --> soapcrone.com /public_html/admin/tinymce/jscripts/tiny_mce/themes/advanced/images table_insert_col_after.gif
2005.10.17 19:24 B C:\Inetpub\wwwroot\olde_crone\admin\tinymce\jscripts\tiny_mce\themes\advanced\images\table_delete_row.gif --> soapcrone.com /public_html/admin/tinymce/jscripts/tiny_mce/themes/advanced/images table_delete_row.gif
2005.10.17 19:24 B C:\Inetpub\wwwroot\olde_crone\admin\tinymce\jscripts\tiny_mce\themes\advanced\images\table_delete_col.gif --> soapcrone.com /public_html/admin/tinymce/jscripts/tiny_mce/themes/advanced/images table_delete_col.gif
2005.10.17 19:24 B C:\Inetpub\wwwroot\olde_crone\admin\tinymce\jscripts\tiny_mce\themes\advanced\images\table.gif --> soapcrone.com /public_html/admin/tinymce/jscripts/tiny_mce/themes/advanced/images table.gif
2005.10.17 19:24 B C:\Inetpub\wwwroot\olde_crone\admin\tinymce\jscripts\tiny_mce\themes\advanced\images\sup.gif --> soapcrone.com /public_html/admin/tinymce/jscripts/tiny_mce/themes/advanced/images sup.gif
2005.10.17 19:24 B C:\Inetpub\wwwroot\olde_crone\admin\tinymce\jscripts\tiny_mce\themes\advanced\images\sub.gif --> soapcrone.com /public_html/admin/tinymce/jscripts/tiny_mce/themes/advanced/images sub.gif
2005.10.17 19:24 B C:\Inetpub\wwwroot\olde_crone\admin\tinymce\jscripts\tiny_mce\themes\advanced\images\strikethrough.gif --> soapcrone.com /public_html/admin/tinymce/jscripts/tiny_mce/themes/advanced/images strikethrough.gif
2005.10.17 19:24 B C:\Inetpub\wwwroot\olde_crone\admin\tinymce\jscripts\tiny_mce\themes\advanced\images\spacer.gif --> soapcrone.com /public_html/admin/tinymce/jscripts/tiny_mce/themes/advanced/images spacer.gif
2005.10.17 19:24 B C:\Inetpub\wwwroot\olde_crone\admin\tinymce\jscripts\tiny_mce\themes\advanced\images\right.gif --> soapcrone.com /public_html/admin/tinymce/jscripts/tiny_mce/themes/advanced/images right.gif
2005.10.17 19:24 B C:\Inetpub\wwwroot\olde_crone\admin\tinymce\jscripts\tiny_mce\themes\advanced\images\removeformat.gif --> soapcrone.com /public_html/admin/tinymce/jscripts/tiny_mce/themes/advanced/images removeformat.gif
2005.10.17 19:24 B C:\Inetpub\wwwroot\olde_crone\admin\tinymce\jscripts\tiny_mce\themes\advanced\images\redo.gif --> soapcrone.com /public_html/admin/tinymce/jscripts/tiny_mce/themes/advanced/images redo.gif
2005.10.17 19:24 B C:\Inetpub\wwwroot\olde_crone\admin\tinymce\jscripts\tiny_mce\themes\advanced\images\paste.gif --> soapcrone.com /public_html/admin/tinymce/jscripts/tiny_mce/themes/advanced/images paste.gif
2005.10.17 19:24 B C:\Inetpub\wwwroot\olde_crone\admin\tinymce\jscripts\tiny_mce\themes\advanced\images\outdent.gif --> soapcrone.com /public_html/admin/tinymce/jscripts/tiny_mce/themes/advanced/images outdent.gif
2005.10.17 19:24 B C:\Inetpub\wwwroot\olde_crone\admin\tinymce\jscripts\tiny_mce\themes\advanced\images\numlist.gif --> soapcrone.com /public_html/admin/tinymce/jscripts/tiny_mce/themes/advanced/images numlist.gif
2005.10.17 19:24 B C:\Inetpub\wwwroot\olde_crone\admin\tinymce\jscripts\tiny_mce\themes\advanced\images\newdocument.gif --> soapcrone.com /public_html/admin/tinymce/jscripts/tiny_mce/themes/advanced/images newdocument.gif
2005.10.17 19:24 B C:\Inetpub\wwwroot\olde_crone\admin\tinymce\jscripts\tiny_mce\themes\advanced\images\link.gif --> soapcrone.com /public_html/admin/tinymce/jscripts/tiny_mce/themes/advanced/images link.gif
2005.10.17 19:24 B C:\Inetpub\wwwroot\olde_crone\admin\tinymce\jscripts\tiny_mce\themes\advanced\images\left.gif --> soapcrone.com /public_html/admin/tinymce/jscripts/tiny_mce/themes/advanced/images left.gif
2005.10.17 19:24 B C:\Inetpub\wwwroot\olde_crone\admin\tinymce\jscripts\tiny_mce\themes\advanced\images\italic_ru.gif --> soapcrone.com /public_html/admin/tinymce/jscripts/tiny_mce/themes/advanced/images italic_ru.gif
2005.10.17 19:24 B C:\Inetpub\wwwroot\olde_crone\admin\tinymce\jscripts\tiny_mce\themes\advanced\images\italic_de_se.gif --> soapcrone.com /public_html/admin/tinymce/jscripts/tiny_mce/themes/advanced/images italic_de_se.gif
2005.10.17 19:24 B C:\Inetpub\wwwroot\olde_crone\admin\tinymce\jscripts\tiny_mce\themes\advanced\images\italic.gif --> soapcrone.com /public_html/admin/tinymce/jscripts/tiny_mce/themes/advanced/images italic.gif
2005.10.17 19:24 B C:\Inetpub\wwwroot\olde_crone\admin\tinymce\jscripts\tiny_mce\themes\advanced\images\indent.gif --> soapcrone.com /public_html/admin/tinymce/jscripts/tiny_mce/themes/advanced/images indent.gif
2005.10.17 19:24 B C:\Inetpub\wwwroot\olde_crone\admin\tinymce\jscripts\tiny_mce\themes\advanced\images\image.gif --> soapcrone.com /public_html/admin/tinymce/jscripts/tiny_mce/themes/advanced/images image.gif
2005.10.17 19:24 B C:\Inetpub\wwwroot\olde_crone\admin\tinymce\jscripts\tiny_mce\themes\advanced\images\hr.gif --> soapcrone.com /public_html/admin/tinymce/jscripts/tiny_mce/themes/advanced/images hr.gif
2005.10.17 19:24 B C:\Inetpub\wwwroot\olde_crone\admin\tinymce\jscripts\tiny_mce\themes\advanced\images\help.gif --> soapcrone.com /public_html/admin/tinymce/jscripts/tiny_mce/themes/advanced/images help.gif
2005.10.17 19:24 B C:\Inetpub\wwwroot\olde_crone\admin\tinymce\jscripts\tiny_mce\themes\advanced\images\full.gif --> soapcrone.com /public_html/admin/tinymce/jscripts/tiny_mce/themes/advanced/images full.gif
2005.10.17 19:24 B C:\Inetpub\wwwroot\olde_crone\admin\tinymce\jscripts\tiny_mce\themes\advanced\images\forecolor.gif --> soapcrone.com /public_html/admin/tinymce/jscripts/tiny_mce/themes/advanced/images forecolor.gif
2005.10.17 19:25 B C:\Inetpub\wwwroot\olde_crone\admin\tinymce\jscripts\tiny_mce\themes\advanced\images\cut.gif --> soapcrone.com /public_html/admin/tinymce/jscripts/tiny_mce/themes/advanced/images cut.gif
2005.10.17 19:25 B C:\Inetpub\wwwroot\olde_crone\admin\tinymce\jscripts\tiny_mce\themes\advanced\images\custom_1.gif --> soapcrone.com /public_html/admin/tinymce/jscripts/tiny_mce/themes/advanced/images custom_1.gif
2005.10.17 19:25 B C:\Inetpub\wwwroot\olde_crone\admin\tinymce\jscripts\tiny_mce\themes\advanced\images\copy.gif --> soapcrone.com /public_html/admin/tinymce/jscripts/tiny_mce/themes/advanced/images copy.gif
2005.10.17 19:25 B C:\Inetpub\wwwroot\olde_crone\admin\tinymce\jscripts\tiny_mce\themes\advanced\images\code.gif --> soapcrone.com /public_html/admin/tinymce/jscripts/tiny_mce/themes/advanced/images code.gif
2005.10.17 19:25 B C:\Inetpub\wwwroot\olde_crone\admin\tinymce\jscripts\tiny_mce\themes\advanced\images\close.gif --> soapcrone.com /public_html/admin/tinymce/jscripts/tiny_mce/themes/advanced/images close.gif
2005.10.17 19:25 B C:\Inetpub\wwwroot\olde_crone\admin\tinymce\jscripts\tiny_mce\themes\advanced\images\cleanup.gif --> soapcrone.com /public_html/admin/tinymce/jscripts/tiny_mce/themes/advanced/images cleanup.gif
2005.10.17 19:25 B C:\Inetpub\wwwroot\olde_crone\admin\tinymce\jscripts\tiny_mce\themes\advanced\images\charmap.gif --> soapcrone.com /public_html/admin/tinymce/jscripts/tiny_mce/themes/advanced/images charmap.gif
2005.10.17 19:25 B C:\Inetpub\wwwroot\olde_crone\admin\tinymce\jscripts\tiny_mce\themes\advanced\images\center.gif --> soapcrone.com /public_html/admin/tinymce/jscripts/tiny_mce/themes/advanced/images center.gif
2005.10.17 19:25 B C:\Inetpub\wwwroot\olde_crone\admin\tinymce\jscripts\tiny_mce\themes\advanced\images\buttons.gif --> soapcrone.com /public_html/admin/tinymce/jscripts/tiny_mce/themes/advanced/images buttons.gif
2005.10.17 19:25 B C:\Inetpub\wwwroot\olde_crone\admin\tinymce\jscripts\tiny_mce\themes\advanced\images\bullist.gif --> soapcrone.com /public_html/admin/tinymce/jscripts/tiny_mce/themes/advanced/images bullist.gif
2005.10.17 19:25 B C:\Inetpub\wwwroot\olde_crone\admin\tinymce\jscripts\tiny_mce\themes\advanced\images\browse.gif --> soapcrone.com /public_html/admin/tinymce/jscripts/tiny_mce/themes/advanced/images browse.gif
2005.10.17 19:25 B C:\Inetpub\wwwroot\olde_crone\admin\tinymce\jscripts\tiny_mce\themes\advanced\images\bold_ru.gif --> soapcrone.com /public_html/admin/tinymce/jscripts/tiny_mce/themes/advanced/images bold_ru.gif
2005.10.17 19:25 B C:\Inetpub\wwwroot\olde_crone\admin\tinymce\jscripts\tiny_mce\themes\advanced\images\bold_fr.gif --> soapcrone.com /public_html/admin/tinymce/jscripts/tiny_mce/themes/advanced/images bold_fr.gif
2005.10.17 19:25 B C:\Inetpub\wwwroot\olde_crone\admin\tinymce\jscripts\tiny_mce\themes\advanced\images\bold_de_se.gif --> soapcrone.com /public_html/admin/tinymce/jscripts/tiny_mce/themes/advanced/images bold_de_se.gif
2005.10.17 19:25 B C:\Inetpub\wwwroot\olde_crone\admin\tinymce\jscripts\tiny_mce\themes\advanced\images\bold.gif --> soapcrone.com /public_html/admin/tinymce/jscripts/tiny_mce/themes/advanced/images bold.gif
2005.10.17 19:25 B C:\Inetpub\wwwroot\olde_crone\admin\tinymce\jscripts\tiny_mce\themes\advanced\images\backcolor.gif --> soapcrone.com /public_html/admin/tinymce/jscripts/tiny_mce/themes/advanced/images backcolor.gif
2005.10.17 19:25 B C:\Inetpub\wwwroot\olde_crone\admin\tinymce\jscripts\tiny_mce\themes\advanced\images\anchor.gif --> soapcrone.com /public_html/admin/tinymce/jscripts/tiny_mce/themes/advanced/images anchor.gif
